#
# A fatal error has been detected by the Java Runtime Environment:
#
#  SIGSEGV (0xb) at pc=0x00007f2f65cec9e9, pid=23282, tid=0x00007f2f652f3700
#
# JRE version: Java(TM) SE Runtime Environment (8.0_231-b11) (build 1.8.0_231-b11)
# Java VM: Java HotSpot(TM) 64-Bit Server VM (25.231-b11 mixed mode linux-amd64 compressed oops)
# Problematic frame:
# C  [libawt_xawt.so+0x469e9]  ReadRegionsInList.constprop.5+0x639
#
# Core dump written. Default location: /home/luiz/NetBeansProjects/VendasNSoft/core or core.23282
#
# If you would like to submit a bug report, please visit:
#   http://bugreport.java.com/bugreport/crash.jsp
# The crash happened outside the Java Virtual Machine in native code.
# See problematic frame for where to report the bug.
#

---------------  T H R E A D  ---------------

Current thread (0x00007f2f7c3d9800):  JavaThread "AWT-EventQueue-0" [_thread_in_native, id=23309, stack(0x00007f2f651f3000,0x00007f2f652f4000)]

siginfo: si_signo: 11 (SIGSEGV), si_code: 1 (SEGV_MAPERR), si_addr: 0x0000000000000068

Registers:
RAX=0x0000000000000081, RBX=0x0000000000000000, RCX=0x0000000000000081, RDX=0x0000000000000000
RSP=0x00007f2f652f14a0, RBP=0x00007f2f652f1570, RSI=0x0000000000000000, RDI=0x0000000000000000
R8 =0x0000000000000000, R9 =0x00007f2f1009d1c0, R10=0x0000000000000000, R11=0x00007f2f1009d980
R12=0x0000000000000000, R13=0x00007f2f1009b950, R14=0x00007f2f102d2e70, R15=0x00007f2f102b7c30
RIP=0x00007f2f65cec9e9, EFLAGS=0x0000000000010246, CSGSFS=0x002b000000000033, ERR=0x0000000000000004
  TRAPNO=0x000000000000000e

Top of Stack: (sp=0x00007f2f652f14a0)
0x00007f2f652f14a0:   00007f2f652f15f0 0033008100500000
0x00007f2f652f14b0:   00007f2f1009b950 00000081652f1614
0x00007f2f652f14c0:   0000000200000000 0000005000000083
0x00007f2f652f14d0:   0000000000000080 00007f2f7c277020
0x00007f2f652f14e0:   0000000000000033 00007f2f102b6b30
0x00007f2f652f14f0:   0000000000000000 0000000000500000
0x00007f2f652f1500:   0000000000000000 0000000000000081
0x00007f2f652f1510:   0000000000000000 0300055600000000
0x00007f2f652f1520:   0000000000000000 0000000000000008
0x00007f2f652f1530:   0000000000000010 0000000000000081
0x00007f2f652f1540:   0000001800000000 0033008100500000
0x00007f2f652f1550:   0000000000000081 0000000000000050
0x00007f2f652f1560:   00007f2f652f15e0 0000000000000033
0x00007f2f652f1570:   00007f2f652f1650 00007f2f65cecfc6
0x00007f2f652f1580:   00007f2f102ccba0 00007f2f65cecf84
0x00007f2f652f1590:   0000000000000000 0000000000000000
0x00007f2f652f15a0:   00007f2f7c277020 00007f2f00000001
0x00007f2f652f15b0:   00007f2f00000033 00007f2f7c277020
0x00007f2f652f15c0:   00007f2f652f1718 00007f2f7c277020
0x00007f2f652f15d0:   00000050652f1718 0000000000000000
0x00007f2f652f15e0:   0000000000000000 00007f2f652f1614
0x00007f2f652f15f0:   00007f2f00000005 0000000000ff0000
0x00007f2f652f1600:   000000000000ff00 00000000000000ff
0x00007f2f652f1610:   0000010000000008 0033008100500000
0x00007f2f652f1620:   0000000000000000 00007f2f7c3d99f8
0x00007f2f652f1630:   0000000000000050 00007f2f7c277020
0x00007f2f652f1640:   0000000000000081 0000000000000060
0x00007f2f652f1650:   00007f2f652f1790 00007f2f65cde3b3
0x00007f2f652f1660:   000000000000010e 00007f2f102ce260
0x00007f2f652f1670:   0000000000000000 0000000000000000
0x00007f2f652f1680:   000000000000010e 00007f2f102d25f0
0x00007f2f652f1690:   00007f2f102ccba0 0000000000000000 

Instructions: (pc=0x00007f2f65cec9e9)
0x00007f2f65cec9c9:   45 8c 03 45 90 89 45 a0 49 8d 44 24 01 45 31 e4
0x00007f2f65cec9d9:   48 89 45 98 0f 1f 00 44 89 e6 8b 55 a8 48 89 df
0x00007f2f65cec9e9:   ff 53 68 49 8b 77 08 89 c1 83 7e 34 10 75 59 0f
0x00007f2f65cec9f9:   b6 4d c0 48 8b 56 18 48 98 48 8b 7e 20 48 21 c2 

Register to memory mapping:

RAX=0x0000000000000081 is an unknown value
RBX=0x0000000000000000 is an unknown value
RCX=0x0000000000000081 is an unknown value
RDX=0x0000000000000000 is an unknown value
RSP=0x00007f2f652f14a0 is pointing into the stack for thread: 0x00007f2f7c3d9800
RBP=0x00007f2f652f1570 is pointing into the stack for thread: 0x00007f2f7c3d9800
RSI=0x0000000000000000 is an unknown value
RDI=0x0000000000000000 is an unknown value
R8 =0x0000000000000000 is an unknown value
R9 =0x00007f2f1009d1c0 is an unknown value
R10=0x0000000000000000 is an unknown value
R11=0x00007f2f1009d980 is an unknown value
R12=0x0000000000000000 is an unknown value
R13=0x00007f2f1009b950 is an unknown value
R14=0x00007f2f102d2e70 is an unknown value
R15=0x00007f2f102b7c30 is an unknown value


Stack: [0x00007f2f651f3000,0x00007f2f652f4000],  sp=0x00007f2f652f14a0,  free space=1017k
Native frames: (J=compiled Java code, j=interpreted, Vv=VM code, C=native code)
C  [libawt_xawt.so+0x469e9]  ReadRegionsInList.constprop.5+0x639
C  [libawt_xawt.so+0x46fc6]  ReadAreaToImage+0x86
C  [libawt_xawt.so+0x383b3]  Java_sun_awt_X11_XRobotPeer_getRGBPixelsImpl+0x273
j  sun.awt.X11.XRobotPeer.getRGBPixelsImpl(Lsun/awt/X11GraphicsConfig;IIII[I)V+0
j  sun.awt.X11.XRobotPeer.getRGBPixels(Ljava/awt/Rectangle;)[I+33
j  java.awt.Robot.createScreenCapture(Ljava/awt/Rectangle;)Ljava/awt/image/BufferedImage;+50
j  de.javasoft.plaf.synthetica.Popup.createScreenCapture(Ljava/awt/Rectangle;)Ljava/awt/image/BufferedImage;+8
j  de.javasoft.plaf.synthetica.Popup.snapshot()Ljava/awt/image/BufferedImage;+50
j  de.javasoft.plaf.synthetica.Popup.access$2(Lde/javasoft/plaf/synthetica/Popup;)Ljava/awt/image/BufferedImage;+1
j  de.javasoft.plaf.synthetica.Popup$2.run()V+38
j  java.awt.event.InvocationEvent.dispatch()V+47
J 3451 C1 java.awt.EventQueue.dispatchEventImpl(Ljava/awt/AWTEvent;Ljava/lang/Object;)V (149 bytes) @ 0x00007f2f6d9e46b4 [0x00007f2f6d9e2c00+0x1ab4]
J 2956 C1 java.awt.EventQueue$3.run()Ljava/lang/Void; (60 bytes) @ 0x00007f2f6d186a84 [0x00007f2f6d186880+0x204]
J 2955 C1 java.awt.EventQueue$3.run()Ljava/lang/Object; (5 bytes) @ 0x00007f2f6d30f84c [0x00007f2f6d30f7c0+0x8c]
v  ~StubRoutines::call_stub
V  [libjvm.so+0x68868b]  JavaCalls::call_helper(JavaValue*, methodHandle*, JavaCallArguments*, Thread*)+0xddb
V  [libjvm.so+0x7008d4]  JVM_DoPrivileged+0x4f4
J 1413  java.security.AccessController.doPrivileged(Ljava/security/PrivilegedAction;Ljava/security/AccessControlContext;)Ljava/lang/Object; (0 bytes) @ 0x00007f2f6d4f3c15 [0x00007f2f6d4f3b40+0xd5]
J 2504 C1 java.awt.EventQueue.dispatchEvent(Ljava/awt/AWTEvent;)V (80 bytes) @ 0x00007f2f6d7ccec4 [0x00007f2f6d7cc540+0x984]
J 2520 C1 java.awt.EventDispatchThread.pumpOneEventForFilters(I)V (190 bytes) @ 0x00007f2f6d7d81f4 [0x00007f2f6d7d70c0+0x1134]
j  java.awt.EventDispatchThread.pumpEventsForFilter(ILjava/awt/Conditional;Ljava/awt/EventFilter;)V+35
j  java.awt.EventDispatchThread.pumpEventsForHierarchy(ILjava/awt/Conditional;Ljava/awt/Component;)V+11
j  java.awt.EventDispatchThread.pumpEvents(ILjava/awt/Conditional;)V+4
j  java.awt.EventDispatchThread.pumpEvents(Ljava/awt/Conditional;)V+3
j  java.awt.EventDispatchThread.run()V+9
v  ~StubRoutines::call_stub
V  [libjvm.so+0x68868b]  JavaCalls::call_helper(JavaValue*, methodHandle*, JavaCallArguments*, Thread*)+0xddb
V  [libjvm.so+0x685f53]  JavaCalls::call_virtual(JavaValue*, KlassHandle, Symbol*, Symbol*, JavaCallArguments*, Thread*)+0x263
V  [libjvm.so+0x686517]  JavaCalls::call_virtual(JavaValue*, Handle, KlassHandle, Symbol*, Symbol*, Thread*)+0x47
V  [libjvm.so+0x6f268c]  thread_entry(JavaThread*, Thread*)+0x6c
V  [libjvm.so+0xa7ca9b]  JavaThread::thread_main_inner()+0xdb
V  [libjvm.so+0xa7cda1]  JavaThread::run()+0x2d1
V  [libjvm.so+0x90dcb2]  java_start(Thread*)+0x102
C  [libpthread.so.0+0x94e2]  start_thread+0xe2

Java frames: (J=compiled Java code, j=interpreted, Vv=VM code)
j  sun.awt.X11.XRobotPeer.getRGBPixelsImpl(Lsun/awt/X11GraphicsConfig;IIII[I)V+0
j  sun.awt.X11.XRobotPeer.getRGBPixels(Ljava/awt/Rectangle;)[I+33
j  java.awt.Robot.createScreenCapture(Ljava/awt/Rectangle;)Ljava/awt/image/BufferedImage;+50
j  de.javasoft.plaf.synthetica.Popup.createScreenCapture(Ljava/awt/Rectangle;)Ljava/awt/image/BufferedImage;+8
j  de.javasoft.plaf.synthetica.Popup.snapshot()Ljava/awt/image/BufferedImage;+50
j  de.javasoft.plaf.synthetica.Popup.access$2(Lde/javasoft/plaf/synthetica/Popup;)Ljava/awt/image/BufferedImage;+1
j  de.javasoft.plaf.synthetica.Popup$2.run()V+38
j  java.awt.event.InvocationEvent.dispatch()V+47
J 3451 C1 java.awt.EventQueue.dispatchEventImpl(Ljava/awt/AWTEvent;Ljava/lang/Object;)V (149 bytes) @ 0x00007f2f6d9e46b4 [0x00007f2f6d9e2c00+0x1ab4]
J 2956 C1 java.awt.EventQueue$3.run()Ljava/lang/Void; (60 bytes) @ 0x00007f2f6d186a84 [0x00007f2f6d186880+0x204]
J 2955 C1 java.awt.EventQueue$3.run()Ljava/lang/Object; (5 bytes) @ 0x00007f2f6d30f84c [0x00007f2f6d30f7c0+0x8c]
v  ~StubRoutines::call_stub
J 1413  java.security.AccessController.doPrivileged(Ljava/security/PrivilegedAction;Ljava/security/AccessControlContext;)Ljava/lang/Object; (0 bytes) @ 0x00007f2f6d4f3ba3 [0x00007f2f6d4f3b40+0x63]
J 2504 C1 java.awt.EventQueue.dispatchEvent(Ljava/awt/AWTEvent;)V (80 bytes) @ 0x00007f2f6d7ccec4 [0x00007f2f6d7cc540+0x984]
J 2520 C1 java.awt.EventDispatchThread.pumpOneEventForFilters(I)V (190 bytes) @ 0x00007f2f6d7d81f4 [0x00007f2f6d7d70c0+0x1134]
j  java.awt.EventDispatchThread.pumpEventsForFilter(ILjava/awt/Conditional;Ljava/awt/EventFilter;)V+35
j  java.awt.EventDispatchThread.pumpEventsForHierarchy(ILjava/awt/Conditional;Ljava/awt/Component;)V+11
j  java.awt.EventDispatchThread.pumpEvents(ILjava/awt/Conditional;)V+4
j  java.awt.EventDispatchThread.pumpEvents(Ljava/awt/Conditional;)V+3
j  java.awt.EventDispatchThread.run()V+9
v  ~StubRoutines::call_stub

---------------  P R O C E S S  ---------------

Java Threads: ( => current thread )
  0x00007f2f100ca800 JavaThread "Image Fetcher 0" daemon [_thread_blocked, id=23322, stack(0x00007f2f5da91000,0x00007f2f5db92000)]
  0x00007f2f101a4000 JavaThread "SyntheticaAnimation 25" daemon [_thread_blocked, id=23317, stack(0x00007f2f5d790000,0x00007f2f5d891000)]
  0x00007f2f1008a800 JavaThread "Abandoned connection cleanup thread" daemon [_thread_blocked, id=23313, stack(0x00007f2f64989000,0x00007f2f64a8a000)]
  0x00007f2f1004e800 JavaThread "SyntheticaAnimation 70" daemon [_thread_blocked, id=23312, stack(0x00007f2f5e1d0000,0x00007f2f5e2d1000)]
  0x00007f2f10049800 JavaThread "TimerQueue" daemon [_thread_blocked, id=23311, stack(0x00007f2f5e2d1000,0x00007f2f5e3d2000)]
  0x00007f2f1001c800 JavaThread "SyntheticaAnimation 50" daemon [_thread_blocked, id=23310, stack(0x00007f2f64097000,0x00007f2f64198000)]
  0x00007f2f7c00b000 JavaThread "DestroyJavaVM" [_thread_blocked, id=23288, stack(0x00007f2f8171c000,0x00007f2f8181c000)]
=>0x00007f2f7c3d9800 JavaThread "AWT-EventQueue-0" [_thread_in_native, id=23309, stack(0x00007f2f651f3000,0x00007f2f652f4000)]
  0x00007f2f7c4c7800 JavaThread "AWT-Shutdown" [_thread_blocked, id=23308, stack(0x00007f2f650f2000,0x00007f2f651f3000)]
  0x00007f2f7c3c7000 JavaThread "SyntheticaCleanerThread" daemon [_thread_blocked, id=23304, stack(0x00007f2f652f4000,0x00007f2f653f5000)]
  0x00007f2f7c2f2800 JavaThread "AWT-XAWT" daemon [_thread_blocked, id=23303, stack(0x00007f2f65600000,0x00007f2f65701000)]
  0x00007f2f7c2d9800 JavaThread "Java2D Disposer" daemon [_thread_blocked, id=23302, stack(0x00007f2f65717000,0x00007f2f65818000)]
  0x00007f2f7c0c9000 JavaThread "Service Thread" daemon [_thread_blocked, id=23300, stack(0x00007f2f6638e000,0x00007f2f6648f000)]
  0x00007f2f7c0bd800 JavaThread "C1 CompilerThread2" daemon [_thread_blocked, id=23299, stack(0x00007f2f66490000,0x00007f2f66590000)]
  0x00007f2f7c0bc000 JavaThread "C2 CompilerThread1" daemon [_thread_blocked, id=23298, stack(0x00007f2f66591000,0x00007f2f66691000)]
  0x00007f2f7c0b9000 JavaThread "C2 CompilerThread0" daemon [_thread_blocked, id=23297, stack(0x00007f2f66692000,0x00007f2f66792000)]
  0x00007f2f7c0b7800 JavaThread "Signal Dispatcher" daemon [_thread_blocked, id=23296, stack(0x00007f2f66792000,0x00007f2f66893000)]
  0x00007f2f7c086800 JavaThread "Finalizer" daemon [_thread_blocked, id=23295, stack(0x00007f2f66893000,0x00007f2f66994000)]
  0x00007f2f7c082000 JavaThread "Reference Handler" daemon [_thread_blocked, id=23294, stack(0x00007f2f66994000,0x00007f2f66a95000)]

Other Threads:
  0x00007f2f7c078800 VMThread [stack: 0x00007f2f66a96000,0x00007f2f66b96000] [id=23293]
  0x00007f2f7c0cb800 WatcherThread [stack: 0x00007f2f6628e000,0x00007f2f6638e000] [id=23301]

VM state:not at safepoint (normal execution)

VM Mutex/Monitor currently owned by a thread: None

heap address: 0x0000000085200000, size: 1966 MB, Compressed Oops mode: 32-bit
Narrow klass base: 0x0000000000000000, Narrow klass shift: 3
Compressed class space size: 1073741824 Address: 0x0000000100000000

Heap:
 PSYoungGen      total 36864K, used 28012K [0x00000000d7100000, 0x00000000d9a00000, 0x0000000100000000)
  eden space 31744K, 72% used [0x00000000d7100000,0x00000000d875f200,0x00000000d9000000)
  from space 5120K, 99% used [0x00000000d9000000,0x00000000d94fc058,0x00000000d9500000)
  to   space 5120K, 0% used [0x00000000d9500000,0x00000000d9500000,0x00000000d9a00000)
 ParOldGen       total 37888K, used 6560K [0x0000000085200000, 0x0000000087700000, 0x00000000d7100000)
  object space 37888K, 17% used [0x0000000085200000,0x00000000858683f0,0x0000000087700000)
 Metaspace       used 27492K, capacity 27844K, committed 28288K, reserved 1075200K
  class space    used 3234K, capacity 3337K, committed 3456K, reserved 1048576K

Card table byte_map: [0x00007f2f80119000,0x00007f2f804f1000] byte_map_base: 0x00007f2f7fcf0000

Marking Bits: (ParMarkBitMap*) 0x00007f2f8292ede0
 Begin Bits: [0x00007f2f54290000, 0x00007f2f56148000)
 End Bits:   [0x00007f2f56148000, 0x00007f2f58000000)

Polling page: 0x00007f2f82daf000

CodeCache: size=245760Kb used=10556Kb max_used=10576Kb free=235203Kb
 bounds [0x00007f2f6d000000, 0x00007f2f6da70000, 0x00007f2f7c000000]
 total_blobs=4015 nmethods=3261 adapters=666
 compilation: enabled

Compilation events (10 events):
Event: 52,407 Thread 0x00007f2f7c0bd800 nmethod 3620 0x00007f2f6da59610 code [0x00007f2f6da597a0, 0x00007f2f6da59c48]
Event: 52,407 Thread 0x00007f2f7c0b9000 nmethod 3621 0x00007f2f6da3e090 code [0x00007f2f6da3e1e0, 0x00007f2f6da3e278]
Event: 52,416 Thread 0x00007f2f7c0bd800 3622       3       sun.awt.X11.XInputMethod::getParent (5 bytes)
Event: 52,416 Thread 0x00007f2f7c0bd800 nmethod 3622 0x00007f2f6da58610 code [0x00007f2f6da58780, 0x00007f2f6da589a8]
Event: 52,470 Thread 0x00007f2f7c0bd800 3623       3       sun.awt.X11.XDecoratedPeer::copy (24 bytes)
Event: 52,471 Thread 0x00007f2f7c0bd800 nmethod 3623 0x00007f2f6da51ad0 code [0x00007f2f6da51c40, 0x00007f2f6da51eb0]
Event: 52,479 Thread 0x00007f2f7c0bd800 3624       1       javax.swing.AbstractButton::isRolloverEnabled (5 bytes)
Event: 52,479 Thread 0x00007f2f7c0bd800 nmethod 3624 0x00007f2f6da51810 code [0x00007f2f6da51960, 0x00007f2f6da51a70]
Event: 52,479 Thread 0x00007f2f7c0bd800 3625       3       sun.font.TrueTypeFont::getMapper (24 bytes)
Event: 52,480 Thread 0x00007f2f7c0bd800 nmethod 3625 0x00007f2f6d27ae10 code [0x00007f2f6d27af80, 0x00007f2f6d27b1e8]

GC Heap History (8 events):
Event: 4,160 GC heap before
{Heap before GC invocations=1 (full 0):
 PSYoungGen      total 36864K, used 31744K [0x00000000d7100000, 0x00000000d9a00000, 0x0000000100000000)
  eden space 31744K, 100% used [0x00000000d7100000,0x00000000d9000000,0x00000000d9000000)
  from space 5120K, 0% used [0x00000000d9500000,0x00000000d9500000,0x00000000d9a00000)
  to   space 5120K, 0% used [0x00000000d9000000,0x00000000d9000000,0x00000000d9500000)
 ParOldGen       total 84992K, used 0K [0x0000000085200000, 0x000000008a500000, 0x00000000d7100000)
  object space 84992K, 0% used [0x0000000085200000,0x0000000085200000,0x000000008a500000)
 Metaspace       used 18989K, capacity 19258K, committed 19456K, reserved 1067008K
  class space    used 2398K, capacity 2474K, committed 2560K, reserved 1048576K
Event: 4,172 GC heap after
Heap after GC invocations=1 (full 0):
 PSYoungGen      total 36864K, used 5100K [0x00000000d7100000, 0x00000000d9a00000, 0x0000000100000000)
  eden space 31744K, 0% used [0x00000000d7100000,0x00000000d7100000,0x00000000d9000000)
  from space 5120K, 99% used [0x00000000d9000000,0x00000000d94fb348,0x00000000d9500000)
  to   space 5120K, 0% used [0x00000000d9500000,0x00000000d9500000,0x00000000d9a00000)
 ParOldGen       total 84992K, used 518K [0x0000000085200000, 0x000000008a500000, 0x00000000d7100000)
  object space 84992K, 0% used [0x0000000085200000,0x0000000085281a00,0x000000008a500000)
 Metaspace       used 18989K, capacity 19258K, committed 19456K, reserved 1067008K
  class space    used 2398K, capacity 2474K, committed 2560K, reserved 1048576K
}
Event: 9,859 GC heap before
{Heap before GC invocations=2 (full 0):
 PSYoungGen      total 36864K, used 11296K [0x00000000d7100000, 0x00000000d9a00000, 0x0000000100000000)
  eden space 31744K, 19% used [0x00000000d7100000,0x00000000d770cce8,0x00000000d9000000)
  from space 5120K, 99% used [0x00000000d9000000,0x00000000d94fb348,0x00000000d9500000)
  to   space 5120K, 0% used [0x00000000d9500000,0x00000000d9500000,0x00000000d9a00000)
 ParOldGen       total 84992K, used 518K [0x0000000085200000, 0x000000008a500000, 0x00000000d7100000)
  object space 84992K, 0% used [0x0000000085200000,0x0000000085281a00,0x000000008a500000)
 Metaspace       used 20853K, capacity 21086K, committed 21296K, reserved 1069056K
  class space    used 2549K, capacity 2634K, committed 2688K, reserved 1048576K
Event: 9,869 GC heap after
Heap after GC invocations=2 (full 0):
 PSYoungGen      total 36864K, used 5088K [0x00000000d7100000, 0x00000000d9a00000, 0x0000000100000000)
  eden space 31744K, 0% used [0x00000000d7100000,0x00000000d7100000,0x00000000d9000000)
  from space 5120K, 99% used [0x00000000d9500000,0x00000000d99f8050,0x00000000d9a00000)
  to   space 5120K, 0% used [0x00000000d9000000,0x00000000d9000000,0x00000000d9500000)
 ParOldGen       total 84992K, used 865K [0x0000000085200000, 0x000000008a500000, 0x00000000d7100000)
  object space 84992K, 1% used [0x0000000085200000,0x00000000852d87b0,0x000000008a500000)
 Metaspace       used 20853K, capacity 21086K, committed 21296K, reserved 1069056K
  class space    used 2549K, capacity 2634K, committed 2688K, reserved 1048576K
}
Event: 9,869 GC heap before
{Heap before GC invocations=3 (full 1):
 PSYoungGen      total 36864K, used 5088K [0x00000000d7100000, 0x00000000d9a00000, 0x0000000100000000)
  eden space 31744K, 0% used [0x00000000d7100000,0x00000000d7100000,0x00000000d9000000)
  from space 5120K, 99% used [0x00000000d9500000,0x00000000d99f8050,0x00000000d9a00000)
  to   space 5120K, 0% used [0x00000000d9000000,0x00000000d9000000,0x00000000d9500000)
 ParOldGen       total 84992K, used 865K [0x0000000085200000, 0x000000008a500000, 0x00000000d7100000)
  object space 84992K, 1% used [0x0000000085200000,0x00000000852d87b0,0x000000008a500000)
 Metaspace       used 20853K, capacity 21086K, committed 21296K, reserved 1069056K
  class space    used 2549K, capacity 2634K, committed 2688K, reserved 1048576K
Event: 9,942 GC heap after
Heap after GC invocations=3 (full 1):
 PSYoungGen      total 36864K, used 0K [0x00000000d7100000, 0x00000000d9a00000, 0x0000000100000000)
  eden space 31744K, 0% used [0x00000000d7100000,0x00000000d7100000,0x00000000d9000000)
  from space 5120K, 0% used [0x00000000d9500000,0x00000000d9500000,0x00000000d9a00000)
  to   space 5120K, 0% used [0x00000000d9000000,0x00000000d9000000,0x00000000d9500000)
 ParOldGen       total 37888K, used 5432K [0x0000000085200000, 0x0000000087700000, 0x00000000d7100000)
  object space 37888K, 14% used [0x0000000085200000,0x000000008574e2e0,0x0000000087700000)
 Metaspace       used 20853K, capacity 21086K, committed 21296K, reserved 1069056K
  class space    used 2549K, capacity 2634K, committed 2688K, reserved 1048576K
}
Event: 25,673 GC heap before
{Heap before GC invocations=4 (full 1):
 PSYoungGen      total 36864K, used 31744K [0x00000000d7100000, 0x00000000d9a00000, 0x0000000100000000)
  eden space 31744K, 100% used [0x00000000d7100000,0x00000000d9000000,0x00000000d9000000)
  from space 5120K, 0% used [0x00000000d9500000,0x00000000d9500000,0x00000000d9a00000)
  to   space 5120K, 0% used [0x00000000d9000000,0x00000000d9000000,0x00000000d9500000)
 ParOldGen       total 37888K, used 5432K [0x0000000085200000, 0x0000000087700000, 0x00000000d7100000)
  object space 37888K, 14% used [0x0000000085200000,0x000000008574e2e0,0x0000000087700000)
 Metaspace       used 26862K, capacity 27224K, committed 27392K, reserved 1073152K
  class space    used 3193K, capacity 3303K, committed 3328K, reserved 1048576K
Event: 25,685 GC heap after
Heap after GC invocations=4 (full 1):
 PSYoungGen      total 36864K, used 5104K [0x00000000d7100000, 0x00000000d9a00000, 0x0000000100000000)
  eden space 31744K, 0% used [0x00000000d7100000,0x00000000d7100000,0x00000000d9000000)
  from space 5120K, 99% used [0x00000000d9000000,0x00000000d94fc058,0x00000000d9500000)
  to   space 5120K, 0% used [0x00000000d9500000,0x00000000d9500000,0x00000000d9a00000)
 ParOldGen       total 37888K, used 6560K [0x0000000085200000, 0x0000000087700000, 0x00000000d7100000)
  object space 37888K, 17% used [0x0000000085200000,0x00000000858683f0,0x0000000087700000)
 Metaspace       used 26862K, capacity 27224K, committed 27392K, reserved 1073152K
  class space    used 3193K, capacity 3303K, committed 3328K, reserved 1048576K
}

Deoptimization events (10 events):
Event: 19,210 Thread 0x00007f2f7c3d9800 Uncommon trap: reason=unstable_if action=reinterpret pc=0x00007f2f6d7c1aac method=java.util.concurrent.ConcurrentHashMap.get(Ljava/lang/Object;)Ljava/lang/Object; @ 76
Event: 19,277 Thread 0x00007f2f7c3d9800 Uncommon trap: reason=unstable_if action=reinterpret pc=0x00007f2f6d6a4568 method=java.util.Arrays.equals([B[B)Z @ 2
Event: 19,369 Thread 0x00007f2f7c3d9800 Uncommon trap: reason=unstable_if action=reinterpret pc=0x00007f2f6d797334 method=de.javasoft.plaf.synthetica.SyntheticaLookAndFeel.getStyleName(Ljava/awt/Component;)Ljava/lang/String; @ 38
Event: 26,250 Thread 0x00007f2f7c3d9800 Uncommon trap: reason=unstable_if action=reinterpret pc=0x00007f2f6d28a5f8 method=java.lang.StrictMath.floorOrCeil(DDDD)D @ 14
Event: 26,423 Thread 0x00007f2f7c3d9800 Uncommon trap: reason=unstable_if action=reinterpret pc=0x00007f2f6d7f93e4 method=de.javasoft.plaf.synthetica.SyntheticaLookAndFeel.get(Ljava/lang/String;Ljava/awt/Component;)Ljava/lang/Object; @ 49
Event: 26,647 Thread 0x00007f2f7c3d9800 Uncommon trap: reason=unstable_if action=reinterpret pc=0x00007f2f6d98c8e0 method=de.javasoft.plaf.synthetica.SyntheticaLookAndFeel.get(Ljava/lang/String;Ljava/lang/String;)Ljava/lang/Object; @ 37
Event: 52,424 Thread 0x00007f2f7c3d9800 Uncommon trap: reason=class_check action=maybe_recompile pc=0x00007f2f6da1facc method=de.javasoft.plaf.synthetica.SyntheticaLookAndFeel.getStyleName(Ljava/awt/Component;)Ljava/lang/String; @ 42
Event: 52,425 Thread 0x00007f2f7c3d9800 Uncommon trap: reason=class_check action=maybe_recompile pc=0x00007f2f6da1facc method=de.javasoft.plaf.synthetica.SyntheticaLookAndFeel.getStyleName(Ljava/awt/Component;)Ljava/lang/String; @ 42
Event: 52,468 Thread 0x00007f2f7c3d9800 Uncommon trap: reason=class_check action=maybe_recompile pc=0x00007f2f6da1facc method=de.javasoft.plaf.synthetica.SyntheticaLookAndFeel.getStyleName(Ljava/awt/Component;)Ljava/lang/String; @ 42
Event: 52,469 Thread 0x00007f2f7c3d9800 Uncommon trap: reason=class_check action=maybe_recompile pc=0x00007f2f6da1facc method=de.javasoft.plaf.synthetica.SyntheticaLookAndFeel.getStyleName(Ljava/awt/Component;)Ljava/lang/String; @ 42

Classes redefined (0 events):
No events

Internal exceptions (10 events):
Event: 0,488 Thread 0x00007f2f7c00b000 Exception <a 'java/io/FileNotFoundException'> (0x00000000d741d7e0) thrown at [/HUDSON/workspace/8-2-build-linux-amd64/jdk8u231/13620/hotspot/src/share/vm/prims/jni.cpp, line 710]
Event: 0,489 Thread 0x00007f2f7c00b000 Exception <a 'java/io/FileNotFoundException'> (0x00000000d741e2e0) thrown at [/HUDSON/workspace/8-2-build-linux-amd64/jdk8u231/13620/hotspot/src/share/vm/prims/jni.cpp, line 710]
Event: 2,709 Thread 0x00007f2f7c494000 Implicit null exception at 0x00007f2f6d38ecbc to 0x00007f2f6d38ed81
Event: 2,827 Thread 0x00007f2f7c00b000 Implicit null exception at 0x00007f2f6d2c88f5 to 0x00007f2f6d2c8cbd
Event: 2,828 Thread 0x00007f2f7c00b000 Implicit null exception at 0x00007f2f6d2b39b6 to 0x00007f2f6d2b3d9d
Event: 4,272 Thread 0x00007f2f7c3d9800 Exception <a 'java/lang/UnsupportedOperationException': > (0x00000000d714c130) thrown at [/HUDSON/workspace/8-2-build-linux-amd64/jdk8u231/13620/hotspot/src/share/vm/prims/jni.cpp, line 736]
Event: 11,369 Thread 0x00007f2f7c3d9800 Exception <a 'java/lang/UnsupportedOperationException': > (0x00000000d8641200) thrown at [/HUDSON/workspace/8-2-build-linux-amd64/jdk8u231/13620/hotspot/src/share/vm/prims/jni.cpp, line 736]
Event: 17,962 Thread 0x00007f2f7c3d9800 Exception <a 'java/lang/UnsupportedOperationException': > (0x00000000d8939d30) thrown at [/HUDSON/workspace/8-2-build-linux-amd64/jdk8u231/13620/hotspot/src/share/vm/prims/jni.cpp, line 736]
Event: 19,598 Thread 0x00007f2f7c3d9800 Exception <a 'java/lang/UnsupportedOperationException': > (0x00000000d8dbea48) thrown at [/HUDSON/workspace/8-2-build-linux-amd64/jdk8u231/13620/hotspot/src/share/vm/prims/jni.cpp, line 736]
Event: 26,717 Thread 0x00007f2f7c3d9800 Exception <a 'java/lang/UnsupportedOperationException': > (0x00000000d79bcd80) thrown at [/HUDSON/workspace/8-2-build-linux-amd64/jdk8u231/13620/hotspot/src/share/vm/prims/jni.cpp, line 736]

Events (10 events):
Event: 52,481 loading class sun/awt/X11/XRobotPeer
Event: 52,481 loading class java/awt/peer/RobotPeer
Event: 52,489 loading class java/awt/peer/RobotPeer done
Event: 52,489 loading class sun/awt/X11/XRobotPeer done
Event: 52,490 loading class java/awt/Robot$RobotDisposer
Event: 52,490 loading class java/awt/Robot$RobotDisposer done
Event: 52,491 loading class sun/java2d/opengl/OGLRenderQueue
Event: 52,491 loading class sun/java2d/pipe/RenderQueue
Event: 52,492 loading class sun/java2d/pipe/RenderQueue done
Event: 52,492 loading class sun/java2d/opengl/OGLRenderQueue done


Dynamic libraries:
00400000-00401000 r-xp 00000000 08:05 533249                             /usr/java/jdk1.8.0_231-amd64/bin/java
00600000-00601000 r--p 00000000 08:05 533249                             /usr/java/jdk1.8.0_231-amd64/bin/java
00601000-00602000 rw-p 00001000 08:05 533249                             /usr/java/jdk1.8.0_231-amd64/bin/java
00e02000-00e23000 rw-p 00000000 00:00 0                                  [heap]
85200000-87700000 rw-p 00000000 00:00 0 
87700000-d7100000 ---p 00000000 00:00 0 
d7100000-d9a00000 rw-p 00000000 00:00 0 
d9a00000-100000000 ---p 00000000 00:00 0 
100000000-100360000 rw-p 00000000 00:00 0 
100360000-140000000 ---p 00000000 00:00 0 
7f2eec000000-7f2eec021000 rw-p 00000000 00:00 0 
7f2eec021000-7f2ef0000000 ---p 00000000 00:00 0 
7f2ef4000000-7f2ef4021000 rw-p 00000000 00:00 0 
7f2ef4021000-7f2ef8000000 ---p 00000000 00:00 0 
7f2ef8000000-7f2ef8084000 rw-p 00000000 00:00 0 
7f2ef8084000-7f2efc000000 ---p 00000000 00:00 0 
7f2efc000000-7f2efc437000 rw-p 00000000 00:00 0 
7f2efc437000-7f2f00000000 ---p 00000000 00:00 0 
7f2f00000000-7f2f00021000 rw-p 00000000 00:00 0 
7f2f00021000-7f2f04000000 ---p 00000000 00:00 0 
7f2f04000000-7f2f04021000 rw-p 00000000 00:00 0 
7f2f04021000-7f2f08000000 ---p 00000000 00:00 0 
7f2f08000000-7f2f08062000 rw-p 00000000 00:00 0 
7f2f08062000-7f2f0c000000 ---p 00000000 00:00 0 
7f2f0c000000-7f2f0c021000 rw-p 00000000 00:00 0 
7f2f0c021000-7f2f10000000 ---p 00000000 00:00 0 
7f2f10000000-7f2f1060e000 rw-p 00000000 00:00 0 
7f2f1060e000-7f2f14000000 ---p 00000000 00:00 0 
7f2f14000000-7f2f14021000 rw-p 00000000 00:00 0 
7f2f14021000-7f2f18000000 ---p 00000000 00:00 0 
7f2f18000000-7f2f182b9000 rw-p 00000000 00:00 0 
7f2f182b9000-7f2f1c000000 ---p 00000000 00:00 0 
7f2f1c000000-7f2f1c021000 rw-p 00000000 00:00 0 
7f2f1c021000-7f2f20000000 ---p 00000000 00:00 0 
7f2f20000000-7f2f20021000 rw-p 00000000 00:00 0 
7f2f20021000-7f2f24000000 ---p 00000000 00:00 0 
7f2f24000000-7f2f24397000 rw-p 00000000 00:00 0 
7f2f24397000-7f2f28000000 ---p 00000000 00:00 0 
7f2f28000000-7f2f28e76000 rw-p 00000000 00:00 0 
7f2f28e76000-7f2f2c000000 ---p 00000000 00:00 0 
7f2f2c000000-7f2f2c021000 rw-p 00000000 00:00 0 
7f2f2c021000-7f2f30000000 ---p 00000000 00:00 0 
7f2f30000000-7f2f305f9000 rw-p 00000000 00:00 0 
7f2f305f9000-7f2f34000000 ---p 00000000 00:00 0 
7f2f34000000-7f2f34021000 rw-p 00000000 00:00 0 
7f2f34021000-7f2f38000000 ---p 00000000 00:00 0 
7f2f3b01b000-7f2f48000000 r--p 00000000 08:05 533319                     /usr/lib/locale/locale-archive
7f2f48000000-7f2f48142000 rw-p 00000000 00:00 0 
7f2f48142000-7f2f4c000000 ---p 00000000 00:00 0 
7f2f4c000000-7f2f4c021000 rw-p 00000000 00:00 0 
7f2f4c021000-7f2f50000000 ---p 00000000 00:00 0 
7f2f50000000-7f2f50021000 rw-p 00000000 00:00 0 
7f2f50021000-7f2f54000000 ---p 00000000 00:00 0 
7f2f54290000-7f2f58000000 rw-p 00000000 00:00 0 
7f2f58000000-7f2f58021000 rw-p 00000000 00:00 0 
7f2f58021000-7f2f5c000000 ---p 00000000 00:00 0 
7f2f5d590000-7f2f5d5d0000 rw-p 00000000 00:00 0 
7f2f5d5d0000-7f2f5d790000 ---p 00000000 00:00 0 
7f2f5d790000-7f2f5d793000 ---p 00000000 00:00 0 
7f2f5d793000-7f2f5da91000 rw-p 00000000 00:00 0 
7f2f5da91000-7f2f5da94000 ---p 00000000 00:00 0 
7f2f5da94000-7f2f5dd92000 rw-p 00000000 00:00 0 
7f2f5dd92000-7f2f5ddca000 r-xp 00000000 08:05 535075                     /usr/java/jdk1.8.0_231-amd64/jre/lib/amd64/libsunec.so
7f2f5ddca000-7f2f5dfc9000 ---p 00038000 08:05 535075                     /usr/java/jdk1.8.0_231-amd64/jre/lib/amd64/libsunec.so
7f2f5dfc9000-7f2f5dfce000 r--p 00037000 08:05 535075                     /usr/java/jdk1.8.0_231-amd64/jre/lib/amd64/libsunec.so
7f2f5dfce000-7f2f5dfd0000 rw-p 0003c000 08:05 535075                     /usr/java/jdk1.8.0_231-amd64/jre/lib/amd64/libsunec.so
7f2f5dfd0000-7f2f5e1d0000 rw-p 00000000 00:00 0 
7f2f5e1d0000-7f2f5e1d3000 ---p 00000000 00:00 0 
7f2f5e1d3000-7f2f5e2d1000 rw-p 00000000 00:00 0 
7f2f5e2d1000-7f2f5e2d4000 ---p 00000000 00:00 0 
7f2f5e2d4000-7f2f5e3d2000 rw-p 00000000 00:00 0 
7f2f5e3d2000-7f2f5e3fc000 r-xp 00000000 08:05 534660                     /usr/java/jdk1.8.0_231-amd64/jre/lib/amd64/libdcpr.so
7f2f5e3fc000-7f2f5e5fb000 ---p 0002a000 08:05 534660                     /usr/java/jdk1.8.0_231-amd64/jre/lib/amd64/libdcpr.so
7f2f5e5fb000-7f2f5e5fc000 r--p 00029000 08:05 534660                     /usr/java/jdk1.8.0_231-amd64/jre/lib/amd64/libdcpr.so
7f2f5e5fc000-7f2f5e5ff000 rw-p 0002a000 08:05 534660                     /usr/java/jdk1.8.0_231-amd64/jre/lib/amd64/libdcpr.so
7f2f5e5ff000-7f2f5e7ff000 rw-p 00000000 00:00 0 
7f2f5e7ff000-7f2f60000000 rw-p 00000000 00:00 0 
7f2f60000000-7f2f60021000 rw-p 00000000 00:00 0 
7f2f60021000-7f2f64000000 ---p 00000000 00:00 0 
7f2f64097000-7f2f6409a000 ---p 00000000 00:00 0 
7f2f6409a000-7f2f64398000 rw-p 00000000 00:00 0 
7f2f64398000-7f2f64404000 r-xp 00000000 08:05 535076                     /usr/java/jdk1.8.0_231-amd64/jre/lib/amd64/libt2k.so
7f2f64404000-7f2f64604000 ---p 0006c000 08:05 535076                     /usr/java/jdk1.8.0_231-amd64/jre/lib/amd64/libt2k.so
7f2f64604000-7f2f6460a000 r--p 0006c000 08:05 535076                     /usr/java/jdk1.8.0_231-amd64/jre/lib/amd64/libt2k.so
7f2f6460a000-7f2f6460b000 rw-p 00072000 08:05 535076                     /usr/java/jdk1.8.0_231-amd64/jre/lib/amd64/libt2k.so
7f2f6460b000-7f2f6480b000 rw-p 00000000 00:00 0 
7f2f6480b000-7f2f6480c000 r--s 00000000 08:05 802973                     /usr/lib/fontconfig/cache/9d38fe9bf4b6f1c8e9da19f592cf1d52-le64.cache-7
7f2f6480c000-7f2f6480d000 r--s 00000000 08:05 802972                     /usr/lib/fontconfig/cache/347f73b268f39c669d2ab0a50ae07918-le64.cache-7
7f2f6480d000-7f2f6480f000 r--s 00000000 08:05 799013                     /usr/lib/fontconfig/cache/54091e63ccbc9b283e4dea7ca32e5491-le64.cache-7
7f2f6480f000-7f2f64828000 r--s 00000000 08:05 799789                     /usr/lib/fontconfig/cache/123d59b33ddb0e7c76bb24004bd5cfac-le64.cache-7
7f2f64828000-7f2f6482a000 r--s 00000000 08:05 799787                     /usr/lib/fontconfig/cache/3f821257dd33660ba7bbb45c32deb84c-le64.cache-7
7f2f6482a000-7f2f6482d000 r--s 00000000 08:05 799786                     /usr/lib/fontconfig/cache/830f035fa84a65ce80e050178dbb630d-le64.cache-7
7f2f6482d000-7f2f6482e000 r--s 00000000 08:05 798701                     /usr/lib/fontconfig/cache/26078b1cf62d7535e9fc9c56a8803883-le64.cache-7
7f2f6482e000-7f2f6482f000 r--s 00000000 08:05 798700                     /usr/lib/fontconfig/cache/ac68f755438cc3dc5a526084839fc7ca-le64.cache-7
7f2f6482f000-7f2f64830000 r--s 00000000 08:05 798649                     /usr/lib/fontconfig/cache/f951a6bc01c50d58ac4af16a0108457e-le64.cache-7
7f2f64830000-7f2f64831000 r--s 00000000 08:05 798607                     /usr/lib/fontconfig/cache/8cab66d8f642305e525ba3e322d0979c-le64.cache-7
7f2f64831000-7f2f64832000 r--s 00000000 08:05 798606                     /usr/lib/fontconfig/cache/12513961c6e7090f8648812f9eaf65d6-le64.cache-7
7f2f64832000-7f2f64835000 r--s 00000000 08:05 798605                     /usr/lib/fontconfig/cache/e26bf336397aae6fcef4d3803472adec-le64.cache-7
7f2f64835000-7f2f64836000 r--s 00000000 08:05 798604                     /usr/lib/fontconfig/cache/f132fa2327207a6ac3298c0518879731-le64.cache-7
7f2f64836000-7f2f64837000 r--s 00000000 08:05 796161                     /usr/lib/fontconfig/cache/6fcb01a03a016cc71057b587cdea6709-le64.cache-7
7f2f64837000-7f2f6483c000 r--s 00000000 08:05 798569                     /usr/lib/fontconfig/cache/29c8f5b6bf15d25ebb2e963855ab41be-le64.cache-7
7f2f6483c000-7f2f64864000 r--s 00000000 08:05 798602                     /usr/lib/fontconfig/cache/7a7f22e4c6b2236c525eb458794c6fd2-le64.cache-7
7f2f64864000-7f2f64865000 r--s 00000000 08:05 798601                     /usr/lib/fontconfig/cache/b887eea8f1b96e1d899b44ed6681fc27-le64.cache-7
7f2f64865000-7f2f64866000 r--s 00000000 08:05 798600                     /usr/lib/fontconfig/cache/860639f272b8b4b3094f9e399e41bccd-le64.cache-7
7f2f64866000-7f2f64867000 r--s 00000000 08:05 798599                     /usr/lib/fontconfig/cache/5d33f04e74a97395cf88bbd83847f1f1-le64.cache-7
7f2f64867000-7f2f64868000 r--s 00000000 08:05 798598                     /usr/lib/fontconfig/cache/df893b4576ad6107f9397134092c4059-le64.cache-7
7f2f64868000-7f2f64869000 r--s 00000000 08:05 798596                     /usr/lib/fontconfig/cache/900402270e15d763a6e008bb2d4c7686-le64.cache-7
7f2f64869000-7f2f6486a000 r--s 00000000 08:05 798595                     /usr/lib/fontconfig/cache/47f48679023f44a4d1e44699a69464f6-le64.cache-7
7f2f6486a000-7f2f6486b000 r--s 00000000 08:05 798594                     /usr/lib/fontconfig/cache/2881ed3fd21ca306ddad6f9b0dd3189f-le64.cache-7
7f2f6486b000-7f2f6486c000 r--s 00000000 08:05 798593                     /usr/lib/fontconfig/cache/3c3fb04d32a5211b073874b125d29701-le64.cache-7
7f2f6486c000-7f2f6486e000 r--s 00000000 08:05 798592                     /usr/lib/fontconfig/cache/3e9ca894d7ccd8b9fedb236c4f3f7c4e-le64.cache-7
7f2f6486e000-7f2f64870000 r--s 00000000 08:05 798591                     /usr/lib/fontconfig/cache/5535e07303e0edee0923e77e4e59b69c-le64.cache-7
7f2f64870000-7f2f64872000 r--s 00000000 08:05 798590                     /usr/lib/fontconfig/cache/de3fc716275e870cc68457cf08da2de7-le64.cache-7
7f2f64872000-7f2f64874000 r--s 00000000 08:05 798589                     /usr/lib/fontconfig/cache/cf759820c416606818fc74e5e9991313-le64.cache-7
7f2f64874000-7f2f64876000 r--s 00000000 08:05 798588                     /usr/lib/fontconfig/cache/d3379abda271c4acd2ad0c01f565d0b0-le64.cache-7
7f2f64876000-7f2f6487e000 r--s 00000000 08:05 798587                     /usr/lib/fontconfig/cache/e34b99a1e22e6f7451938fb9934274e6-le64.cache-7
7f2f6487e000-7f2f64886000 r--s 00000000 08:05 799797                     /usr/lib/fontconfig/cache/5c7863bd07083d566e519ec8252e7233-le64.cache-7
7f2f64886000-7f2f6488f000 r--s 00000000 08:05 798584                     /usr/lib/fontconfig/cache/ceb0c0683e533aa11022c66e5c4d15df-le64.cache-7
7f2f6488f000-7f2f648aa000 r--s 00000000 08:05 798583                     /usr/lib/fontconfig/cache/d63f98f14a274bd69a5425fc33aaac6b-le64.cache-7
7f2f648aa000-7f2f648c0000 r--s 00000000 08:05 798581                     /usr/lib/fontconfig/cache/8810ee51c158c7bfaed726592ffe4eb9-le64.cache-7
7f2f648c0000-7f2f648ef000 r--s 00000000 08:05 798580                     /usr/lib/fontconfig/cache/7ee6df7a8311986241317a58487e0145-le64.cache-7
7f2f64946000-7f2f64947000 r--p 00000000 08:05 397763                     /usr/lib64/libXcomposite.so.1.0.0
7f2f64947000-7f2f64948000 r-xp 00001000 08:05 397763                     /usr/lib64/libXcomposite.so.1.0.0
7f2f64948000-7f2f64949000 r--p 00002000 08:05 397763                     /usr/lib64/libXcomposite.so.1.0.0
7f2f64949000-7f2f6494a000 r--p 00002000 08:05 397763                     /usr/lib64/libXcomposite.so.1.0.0
7f2f6494a000-7f2f6494b000 rw-p 00000000 00:00 0 
7f2f64976000-7f2f6497c000 r--s 0003e000 08:05 659508                     /usr/java/jdk1.8.0_231-amd64/jre/lib/ext/sunjce_provider.jar
7f2f6497c000-7f2f6497e000 r--s 0000d000 08:05 659507                     /usr/java/jdk1.8.0_231-amd64/jre/lib/ext/sunec.jar
7f2f6497e000-7f2f64981000 r--s 0001a000 08:05 535117                     /usr/java/jdk1.8.0_231-amd64/jre/lib/jce.jar
7f2f64981000-7f2f64984000 rw-s 00000000 00:01 65550                      /SYSV00000000 (deleted)
7f2f64984000-7f2f64989000 r--s 000a3000 08:05 535136                     /usr/java/jdk1.8.0_231-amd64/jre/lib/jsse.jar
7f2f64989000-7f2f6498c000 ---p 00000000 00:00 0 
7f2f6498c000-7f2f64a8a000 rw-p 00000000 00:00 0 
7f2f64a8a000-7f2f64a8d000 r--p 00000000 08:05 417479                     /usr/lib64/libnss_files-2.30.so
7f2f64a8d000-7f2f64a94000 r-xp 00003000 08:05 417479                     /usr/lib64/libnss_files-2.30.so
7f2f64a94000-7f2f64a96000 r--p 0000a000 08:05 417479                     /usr/lib64/libnss_files-2.30.so
7f2f64a96000-7f2f64a97000 r--p 0000b000 08:05 417479                     /usr/lib64/libnss_files-2.30.so
7f2f64a97000-7f2f64a9e000 rw-p 00000000 00:00 0 
7f2f64a9e000-7f2f64aa0000 r--s 00000000 08:05 798585                     /usr/lib/fontconfig/cache/055588ffb4562da71307fd2d0e684295-le64.cache-7
7f2f64aa0000-7f2f64aa8000 r--s 00000000 08:05 798579                     /usr/lib/fontconfig/cache/7b312f204090bff0956e0e66992a6837-le64.cache-7
7f2f64aa8000-7f2f64aaa000 r--s 00000000 08:05 798578                     /usr/lib/fontconfig/cache/99a1ce9f8b6a0434aadb01d3779b0780-le64.cache-7
7f2f64aaa000-7f2f64abd000 r--s 00000000 08:05 798576                     /usr/lib/fontconfig/cache/614d1caaa4d7914789410f6367de37ca-le64.cache-7
7f2f64abd000-7f2f64ac9000 r--s 00000000 08:05 798574                     /usr/lib/fontconfig/cache/12b26b760a24f8b4feb03ad48a333a72-le64.cache-7
7f2f64ac9000-7f2f64ada000 r-xp 00000000 08:05 534697                     /usr/java/jdk1.8.0_231-amd64/jre/lib/amd64/libnio.so
7f2f64ada000-7f2f64cd9000 ---p 00011000 08:05 534697                     /usr/java/jdk1.8.0_231-amd64/jre/lib/amd64/libnio.so
7f2f64cd9000-7f2f64cda000 r--p 00010000 08:05 534697                     /usr/java/jdk1.8.0_231-amd64/jre/lib/amd64/libnio.so
7f2f64cda000-7f2f64cdb000 rw-p 00011000 08:05 534697                     /usr/java/jdk1.8.0_231-amd64/jre/lib/amd64/libnio.so
7f2f64cdb000-7f2f64cf1000 r-xp 00000000 08:05 534696                     /usr/java/jdk1.8.0_231-amd64/jre/lib/amd64/libnet.so
7f2f64cf1000-7f2f64ef0000 ---p 00016000 08:05 534696                     /usr/java/jdk1.8.0_231-amd64/jre/lib/amd64/libnet.so
7f2f64ef0000-7f2f64ef1000 r--p 00015000 08:05 534696                     /usr/java/jdk1.8.0_231-amd64/jre/lib/amd64/libnet.so
7f2f64ef1000-7f2f64ef2000 rw-p 00016000 08:05 534696                     /usr/java/jdk1.8.0_231-amd64/jre/lib/amd64/libnet.so
7f2f64ef2000-7f2f650f2000 rw-p 00000000 00:00 0 
7f2f650f2000-7f2f650f5000 ---p 00000000 00:00 0 
7f2f650f5000-7f2f651f3000 rw-p 00000000 00:00 0 
7f2f651f3000-7f2f651f6000 ---p 00000000 00:00 0 
7f2f651f6000-7f2f652f4000 rw-p 00000000 00:00 0 
7f2f652f4000-7f2f652f7000 ---p 00000000 00:00 0 
7f2f652f7000-7f2f655f5000 rw-p 00000000 00:00 0 
7f2f655f5000-7f2f65600000 r--s 0021a000 08:05 659607                     /usr/java/jdk1.8.0_231-amd64/jre/lib/ext/localedata.jar
7f2f65600000-7f2f65603000 ---p 00000000 00:00 0 
7f2f65603000-7f2f65701000 rw-p 00000000 00:00 0 
7f2f65701000-7f2f65703000 r--p 00000000 08:05 397769                     /usr/lib64/libXfixes.so.3.1.0
7f2f65703000-7f2f65706000 r-xp 00002000 08:05 397769                     /usr/lib64/libXfixes.so.3.1.0
7f2f65706000-7f2f65707000 r--p 00005000 08:05 397769                     /usr/lib64/libXfixes.so.3.1.0
7f2f65707000-7f2f65708000 ---p 00006000 08:05 397769                     /usr/lib64/libXfixes.so.3.1.0
7f2f65708000-7f2f65709000 r--p 00006000 08:05 397769                     /usr/lib64/libXfixes.so.3.1.0
7f2f65709000-7f2f6570a000 rw-p 00007000 08:05 397769                     /usr/lib64/libXfixes.so.3.1.0
7f2f6570a000-7f2f6570d000 r--p 00000000 08:05 397775                     /usr/lib64/libXcursor.so.1.0.2
7f2f6570d000-7f2f65713000 r-xp 00003000 08:05 397775                     /usr/lib64/libXcursor.so.1.0.2
7f2f65713000-7f2f65715000 r--p 00009000 08:05 397775                     /usr/lib64/libXcursor.so.1.0.2
7f2f65715000-7f2f65716000 r--p 0000a000 08:05 397775                     /usr/lib64/libXcursor.so.1.0.2
7f2f65716000-7f2f65717000 rw-p 00000000 00:00 0 
7f2f65717000-7f2f6571a000 ---p 00000000 00:00 0 
7f2f6571a000-7f2f65818000 rw-p 00000000 00:00 0 
7f2f65818000-7f2f6581b000 r--p 00000000 08:05 393235                     /usr/lib64/libgcc_s-9-20190827.so.1
7f2f6581b000-7f2f6582c000 r-xp 00003000 08:05 393235                     /usr/lib64/libgcc_s-9-20190827.so.1
7f2f6582c000-7f2f65830000 r--p 00014000 08:05 393235                     /usr/lib64/libgcc_s-9-20190827.so.1
7f2f65830000-7f2f65831000 r--p 00017000 08:05 393235                     /usr/lib64/libgcc_s-9-20190827.so.1
7f2f65831000-7f2f65832000 rw-p 00018000 08:05 393235                     /usr/lib64/libgcc_s-9-20190827.so.1
7f2f65832000-7f2f65833000 r--s 00000000 08:05 798586                     /usr/lib/fontconfig/cache/b4d0b56f766d89640448751fcd18ec1e-le64.cache-7
7f2f65833000-7f2f6583a000 r--s 00000000 08:05 798571                     /usr/lib/fontconfig/cache/210c0516121708a580e22e6b1f9a103a-le64.cache-7
7f2f6583a000-7f2f6585d000 r--s 0038e000 08:05 658893                     /usr/java/jdk1.8.0_231-amd64/jre/lib/ext/cldrdata.jar
7f2f6585d000-7f2f658bc000 r-xp 00000000 08:05 534664                     /usr/java/jdk1.8.0_231-amd64/jre/lib/amd64/libfontmanager.so
7f2f658bc000-7f2f65abc000 ---p 0005f000 08:05 534664                     /usr/java/jdk1.8.0_231-amd64/jre/lib/amd64/libfontmanager.so
7f2f65abc000-7f2f65abf000 r--p 0005f000 08:05 534664                     /usr/java/jdk1.8.0_231-amd64/jre/lib/amd64/libfontmanager.so
7f2f65abf000-7f2f65ac0000 rw-p 00062000 08:05 534664                     /usr/java/jdk1.8.0_231-amd64/jre/lib/amd64/libfontmanager.so
7f2f65ac0000-7f2f65ac7000 r--s 00000000 08:05 399442                     /usr/lib64/gconv/gconv-modules.cache
7f2f65ac7000-7f2f65ac8000 r--p 00000000 08:05 397564                     /usr/lib64/libXau.so.6.0.0
7f2f65ac8000-7f2f65aca000 r-xp 00001000 08:05 397564                     /usr/lib64/libXau.so.6.0.0
7f2f65aca000-7f2f65acb000 r--p 00003000 08:05 397564                     /usr/lib64/libXau.so.6.0.0
7f2f65acb000-7f2f65acc000 r--p 00003000 08:05 397564                     /usr/lib64/libXau.so.6.0.0
7f2f65acc000-7f2f65acd000 rw-p 00000000 00:00 0 
7f2f65acd000-7f2f65ad9000 r--p 00000000 08:05 397831                     /usr/lib64/libxcb.so.1.1.0
7f2f65ad9000-7f2f65aed000 r-xp 0000c000 08:05 397831                     /usr/lib64/libxcb.so.1.1.0
7f2f65aed000-7f2f65af6000 r--p 00020000 08:05 397831                     /usr/lib64/libxcb.so.1.1.0
7f2f65af6000-7f2f65af7000 r--p 00028000 08:05 397831                     /usr/lib64/libxcb.so.1.1.0
7f2f65af7000-7f2f65af8000 rw-p 00029000 08:05 397831                     /usr/lib64/libxcb.so.1.1.0
7f2f65af8000-7f2f65afa000 r--p 00000000 08:05 397771                     /usr/lib64/libXi.so.6.1.0
7f2f65afa000-7f2f65b05000 r-xp 00002000 08:05 397771                     /usr/lib64/libXi.so.6.1.0
7f2f65b05000-7f2f65b08000 r--p 0000d000 08:05 397771                     /usr/lib64/libXi.so.6.1.0
7f2f65b08000-7f2f65b09000 r--p 0000f000 08:05 397771                     /usr/lib64/libXi.so.6.1.0
7f2f65b09000-7f2f65b0a000 rw-p 00010000 08:05 397771                     /usr/lib64/libXi.so.6.1.0
7f2f65b0a000-7f2f65b0c000 r--p 00000000 08:05 397112                     /usr/lib64/libXtst.so.6.1.0
7f2f65b0c000-7f2f65b0f000 r-xp 00002000 08:05 397112                     /usr/lib64/libXtst.so.6.1.0
7f2f65b0f000-7f2f65b10000 r--p 00005000 08:05 397112                     /usr/lib64/libXtst.so.6.1.0
7f2f65b10000-7f2f65b11000 ---p 00006000 08:05 397112                     /usr/lib64/libXtst.so.6.1.0
7f2f65b11000-7f2f65b12000 r--p 00006000 08:05 397112                     /usr/lib64/libXtst.so.6.1.0
7f2f65b12000-7f2f65b13000 rw-p 00007000 08:05 397112                     /usr/lib64/libXtst.so.6.1.0
7f2f65b13000-7f2f65b15000 r--p 00000000 08:05 397779                     /usr/lib64/libXrender.so.1.3.0
7f2f65b15000-7f2f65b1c000 r-xp 00002000 08:05 397779                     /usr/lib64/libXrender.so.1.3.0
7f2f65b1c000-7f2f65b1e000 r--p 00009000 08:05 397779                     /usr/lib64/libXrender.so.1.3.0
7f2f65b1e000-7f2f65b1f000 r--p 0000a000 08:05 397779                     /usr/lib64/libXrender.so.1.3.0
7f2f65b1f000-7f2f65b20000 rw-p 0000b000 08:05 397779                     /usr/lib64/libXrender.so.1.3.0
7f2f65b20000-7f2f65b3c000 r--p 00000000 08:05 397780                     /usr/lib64/libX11.so.6.3.0
7f2f65b3c000-7f2f65bcb000 r-xp 0001c000 08:05 397780                     /usr/lib64/libX11.so.6.3.0
7f2f65bcb000-7f2f65c5f000 r--p 000ab000 08:05 397780                     /usr/lib64/libX11.so.6.3.0
7f2f65c5f000-7f2f65c62000 r--p 0013e000 08:05 397780                     /usr/lib64/libX11.so.6.3.0
7f2f65c62000-7f2f65c66000 rw-p 00141000 08:05 397780                     /usr/lib64/libX11.so.6.3.0
7f2f65c66000-7f2f65c6a000 r--p 00000000 08:05 397765                     /usr/lib64/libXext.so.6.4.0
7f2f65c6a000-7f2f65c75000 r-xp 00004000 08:05 397765                     /usr/lib64/libXext.so.6.4.0
7f2f65c75000-7f2f65c79000 r--p 0000f000 08:05 397765                     /usr/lib64/libXext.so.6.4.0
7f2f65c79000-7f2f65c7a000 r--p 00012000 08:05 397765                     /usr/lib64/libXext.so.6.4.0
7f2f65c7a000-7f2f65c7b000 rw-p 00013000 08:05 397765                     /usr/lib64/libXext.so.6.4.0
7f2f65c7b000-7f2f65c7d000 r--s 00000000 08:05 798577                     /usr/lib/fontconfig/cache/f9d379b867d7c69c85310a4f24e5228f-le64.cache-7
7f2f65c7d000-7f2f65c80000 r--s 00000000 08:05 798573                     /usr/lib/fontconfig/cache/6ba42ae0000f58711b5caaf10d690066-le64.cache-7
7f2f65c80000-7f2f65ca6000 r--p 00000000 08:05 399907                     /usr/share/locale/pt_BR/LC_MESSAGES/libc.mo
7f2f65ca6000-7f2f65d01000 r-xp 00000000 08:05 534658                     /usr/java/jdk1.8.0_231-amd64/jre/lib/amd64/libawt_xawt.so
7f2f65d01000-7f2f65f00000 ---p 0005b000 08:05 534658                     /usr/java/jdk1.8.0_231-amd64/jre/lib/amd64/libawt_xawt.so
7f2f65f00000-7f2f65f01000 r--p 0005a000 08:05 534658                     /usr/java/jdk1.8.0_231-amd64/jre/lib/amd64/libawt_xawt.so
7f2f65f01000-7f2f65f04000 rw-p 0005b000 08:05 534658                     /usr/java/jdk1.8.0_231-amd64/jre/lib/amd64/libawt_xawt.so
7f2f65f04000-7f2f65f06000 rw-p 00000000 00:00 0 
7f2f65f06000-7f2f65fa6000 r-xp 00000000 08:05 534656                     /usr/java/jdk1.8.0_231-amd64/jre/lib/amd64/libawt.so
7f2f65fa6000-7f2f661a5000 ---p 000a0000 08:05 534656                     /usr/java/jdk1.8.0_231-amd64/jre/lib/amd64/libawt.so
7f2f661a5000-7f2f661a6000 r--p 0009f000 08:05 534656                     /usr/java/jdk1.8.0_231-amd64/jre/lib/amd64/libawt.so
7f2f661a6000-7f2f661b1000 rw-p 000a0000 08:05 534656                     /usr/java/jdk1.8.0_231-amd64/jre/lib/amd64/libawt.so
7f2f661b1000-7f2f661d6000 rw-p 00000000 00:00 0 
7f2f661d6000-7f2f661dc000 r--s 002f8000 08:05 535121                     /usr/java/jdk1.8.0_231-amd64/jre/lib/charsets.jar
7f2f661dc000-7f2f661e5000 r--s 00025000 08:03 27001814                   /home/luiz/NetBeansProjects/VendasNSoft/biblioteca/syntheticaPlain.jar
7f2f661e5000-7f2f661ea000 r--s 00017000 08:03 27001815                   /home/luiz/NetBeansProjects/VendasNSoft/biblioteca/syntheticaBlackStar.jar
7f2f661ea000-7f2f661f4000 r--s 00059000 08:03 27001822                   /home/luiz/NetBeansProjects/VendasNSoft/biblioteca/syntheticaAluOxide.jar
7f2f661f4000-7f2f66211000 r--s 00131000 08:05 2624686                    /usr/local/netbeans-8.2/java/modules/ext/eclipselink/org.eclipse.persistence.jpa.jpql_2.5.2.v20140319-9ad6abd.jar
7f2f66211000-7f2f6628d000 r--s 0079b000 08:05 2626701                    /usr/local/netbeans-8.2/java/modules/ext/eclipselink/eclipselink.jar
7f2f6628d000-7f2f6628e000 ---p 00000000 00:00 0 
7f2f6628e000-7f2f6638e000 rw-p 00000000 00:00 0 
7f2f6638e000-7f2f66391000 ---p 00000000 00:00 0 
7f2f66391000-7f2f6648f000 rw-p 00000000 00:00 0 
7f2f6648f000-7f2f66490000 ---p 00000000 00:00 0 
7f2f66490000-7f2f66493000 ---p 00000000 00:00 0 
7f2f66493000-7f2f66590000 rw-p 00000000 00:00 0 
7f2f66590000-7f2f66591000 ---p 00000000 00:00 0 
7f2f66591000-7f2f66594000 ---p 00000000 00:00 0 
7f2f66594000-7f2f66691000 rw-p 00000000 00:00 0 
7f2f66691000-7f2f66692000 ---p 00000000 00:00 0 
7f2f66692000-7f2f66695000 ---p 00000000 00:00 0 
7f2f66695000-7f2f66792000 rw-p 00000000 00:00 0 
7f2f66792000-7f2f66795000 ---p 00000000 00:00 0 
7f2f66795000-7f2f66893000 rw-p 00000000 00:00 0 
7f2f66893000-7f2f66896000 ---p 00000000 00:00 0 
7f2f66896000-7f2f66994000 rw-p 00000000 00:00 0 
7f2f66994000-7f2f66997000 ---p 00000000 00:00 0 
7f2f66997000-7f2f66a95000 rw-p 00000000 00:00 0 
7f2f66a95000-7f2f66a96000 ---p 00000000 00:00 0 
7f2f66a96000-7f2f67a28000 rw-p 00000000 00:00 0 
7f2f67a28000-7f2f67c02000 r--s 03d41000 08:05 535089                     /usr/java/jdk1.8.0_231-amd64/jre/lib/rt.jar
7f2f67c02000-7f2f68000000 rw-p 00000000 00:00 0 
7f2f68000000-7f2f68021000 rw-p 00000000 00:00 0 
7f2f68021000-7f2f6c000000 ---p 00000000 00:00 0 
7f2f6c000000-7f2f6c001000 r--s 00000000 08:05 798582                     /usr/lib/fontconfig/cache/b14e78aa9400ae7a28193faee1d62280-le64.cache-7
7f2f6c001000-7f2f6c002000 r--s 00000000 08:05 798575                     /usr/lib/fontconfig/cache/0f80fa86029ae75a63f21d682b864529-le64.cache-7
7f2f6c002000-7f2f6ca6d000 rw-p 00000000 00:00 0 
7f2f6ca6d000-7f2f6ca6e000 ---p 00000000 00:00 0 
7f2f6ca6e000-7f2f6cb6e000 rw-p 00000000 00:00 0 
7f2f6cb6e000-7f2f6cb6f000 ---p 00000000 00:00 0 
7f2f6cb6f000-7f2f6cc6f000 rw-p 00000000 00:00 0 
7f2f6cc6f000-7f2f6cc70000 ---p 00000000 00:00 0 
7f2f6cc70000-7f2f6cd83000 rw-p 00000000 00:00 0 
7f2f6cd83000-7f2f6d000000 ---p 00000000 00:00 0 
7f2f6d000000-7f2f6da70000 rwxp 00000000 00:00 0 
7f2f6da70000-7f2f7c000000 ---p 00000000 00:00 0 
7f2f7c000000-7f2f7c75d000 rw-p 00000000 00:00 0 
7f2f7c75d000-7f2f80000000 ---p 00000000 00:00 0 
7f2f80000000-7f2f80002000 r--s 00000000 08:05 798572                     /usr/lib/fontconfig/cache/e3ead4b767b8819993a6fa3ae306afa9-le64.cache-7
7f2f80002000-7f2f80004000 r--s 00000000 08:05 798568                     /usr/lib/fontconfig/cache/b3043b29744cf0a429678d296f5e4026-le64.cache-7
7f2f80004000-7f2f80012000 r--s 00098000 08:03 27001810                   /home/luiz/NetBeansProjects/VendasNSoft/biblioteca/synthetica.jar
7f2f80012000-7f2f80018000 r--s 00023000 08:05 2624768                    /usr/local/netbeans-8.2/java/modules/ext/eclipselink/javax.persistence_2.1.0.v201304241213.jar
7f2f80018000-7f2f80019000 ---p 00000000 00:00 0 
7f2f80019000-7f2f8012c000 rw-p 00000000 00:00 0 
7f2f8012c000-7f2f803a8000 ---p 00000000 00:00 0 
7f2f803a8000-7f2f803bd000 rw-p 00000000 00:00 0 
7f2f803bd000-7f2f804f0000 ---p 00000000 00:00 0 
7f2f804f0000-7f2f8051b000 rw-p 00000000 00:00 0 
7f2f8051b000-7f2f808b1000 ---p 00000000 00:00 0 
7f2f808b1000-7f2f808cc000 r-xp 00000000 08:05 535079                     /usr/java/jdk1.8.0_231-amd64/jre/lib/amd64/libzip.so
7f2f808cc000-7f2f80acb000 ---p 0001b000 08:05 535079                     /usr/java/jdk1.8.0_231-amd64/jre/lib/amd64/libzip.so
7f2f80acb000-7f2f80acc000 r--p 0001a000 08:05 535079                     /usr/java/jdk1.8.0_231-amd64/jre/lib/amd64/libzip.so
7f2f80acc000-7f2f80acd000 rw-p 0001b000 08:05 535079                     /usr/java/jdk1.8.0_231-amd64/jre/lib/amd64/libzip.so
7f2f80acd000-7f2f812d2000 r--s 00000000 08:05 3146274                    /var/lib/sss/mc/passwd
7f2f812d2000-7f2f812fe000 r-xp 00000000 08:05 534677                     /usr/java/jdk1.8.0_231-amd64/jre/lib/amd64/libjava.so
7f2f812fe000-7f2f814fe000 ---p 0002c000 08:05 534677                     /usr/java/jdk1.8.0_231-amd64/jre/lib/amd64/libjava.so
7f2f814fe000-7f2f814ff000 r--p 0002c000 08:05 534677                     /usr/java/jdk1.8.0_231-amd64/jre/lib/amd64/libjava.so
7f2f814ff000-7f2f81501000 rw-p 0002d000 08:05 534677                     /usr/java/jdk1.8.0_231-amd64/jre/lib/amd64/libjava.so
7f2f81501000-7f2f8150e000 r-xp 00000000 08:05 535078                     /usr/java/jdk1.8.0_231-amd64/jre/lib/amd64/libverify.so
7f2f8150e000-7f2f8170d000 ---p 0000d000 08:05 535078                     /usr/java/jdk1.8.0_231-amd64/jre/lib/amd64/libverify.so
7f2f8170d000-7f2f8170f000 r--p 0000c000 08:05 535078                     /usr/java/jdk1.8.0_231-amd64/jre/lib/amd64/libverify.so
7f2f8170f000-7f2f81710000 rw-p 0000e000 08:05 535078                     /usr/java/jdk1.8.0_231-amd64/jre/lib/amd64/libverify.so
7f2f81710000-7f2f81713000 r--p 00000000 08:05 417485                     /usr/lib64/librt-2.30.so
7f2f81713000-7f2f81717000 r-xp 00003000 08:05 417485                     /usr/lib64/librt-2.30.so
7f2f81717000-7f2f81718000 r--p 00007000 08:05 417485                     /usr/lib64/librt-2.30.so
7f2f81718000-7f2f81719000 ---p 00008000 08:05 417485                     /usr/lib64/librt-2.30.so
7f2f81719000-7f2f8171a000 r--p 00008000 08:05 417485                     /usr/lib64/librt-2.30.so
7f2f8171a000-7f2f8171b000 rw-p 00009000 08:05 417485                     /usr/lib64/librt-2.30.so
7f2f8171b000-7f2f8171c000 ---p 00000000 00:00 0 
7f2f8171c000-7f2f8171f000 ---p 00000000 00:00 0 
7f2f8171f000-7f2f8181c000 rw-p 00000000 00:00 0 
7f2f8181c000-7f2f8182b000 r--p 00000000 08:05 415093                     /usr/lib64/libm-2.30.so
7f2f8182b000-7f2f818c7000 r-xp 0000f000 08:05 415093                     /usr/lib64/libm-2.30.so
7f2f818c7000-7f2f81960000 r--p 000ab000 08:05 415093                     /usr/lib64/libm-2.30.so
7f2f81960000-7f2f81961000 r--p 00143000 08:05 415093                     /usr/lib64/libm-2.30.so
7f2f81961000-7f2f81962000 rw-p 00144000 08:05 415093                     /usr/lib64/libm-2.30.so
7f2f81962000-7f2f8264b000 r-xp 00000000 08:05 535083                     /usr/java/jdk1.8.0_231-amd64/jre/lib/amd64/server/libjvm.so
7f2f8264b000-7f2f8284a000 ---p 00ce9000 08:05 535083                     /usr/java/jdk1.8.0_231-amd64/jre/lib/amd64/server/libjvm.so
7f2f8284a000-7f2f828e0000 r--p 00ce8000 08:05 535083                     /usr/java/jdk1.8.0_231-amd64/jre/lib/amd64/server/libjvm.so
7f2f828e0000-7f2f82911000 rw-p 00d7e000 08:05 535083                     /usr/java/jdk1.8.0_231-amd64/jre/lib/amd64/server/libjvm.so
7f2f82911000-7f2f8294e000 rw-p 00000000 00:00 0 
7f2f8294e000-7f2f82973000 r--p 00000000 08:05 399156                     /usr/lib64/libc-2.30.so
7f2f82973000-7f2f82ac2000 r-xp 00025000 08:05 399156                     /usr/lib64/libc-2.30.so
7f2f82ac2000-7f2f82b0c000 r--p 00174000 08:05 399156                     /usr/lib64/libc-2.30.so
7f2f82b0c000-7f2f82b0d000 ---p 001be000 08:05 399156                     /usr/lib64/libc-2.30.so
7f2f82b0d000-7f2f82b10000 r--p 001be000 08:05 399156                     /usr/lib64/libc-2.30.so
7f2f82b10000-7f2f82b13000 rw-p 001c1000 08:05 399156                     /usr/lib64/libc-2.30.so
7f2f82b13000-7f2f82b17000 rw-p 00000000 00:00 0 
7f2f82b17000-7f2f82b19000 r--p 00000000 08:05 413390                     /usr/lib64/libdl-2.30.so
7f2f82b19000-7f2f82b1b000 r-xp 00002000 08:05 413390                     /usr/lib64/libdl-2.30.so
7f2f82b1b000-7f2f82b1c000 r--p 00004000 08:05 413390                     /usr/lib64/libdl-2.30.so
7f2f82b1c000-7f2f82b1d000 r--p 00004000 08:05 413390                     /usr/lib64/libdl-2.30.so
7f2f82b1d000-7f2f82b1e000 rw-p 00000000 00:00 0 
7f2f82b1e000-7f2f82b35000 r-xp 00000000 08:05 791525                     /usr/java/jdk1.8.0_231-amd64/lib/amd64/jli/libjli.so
7f2f82b35000-7f2f82d34000 ---p 00017000 08:05 791525                     /usr/java/jdk1.8.0_231-amd64/lib/amd64/jli/libjli.so
7f2f82d34000-7f2f82d35000 r--p 00016000 08:05 791525                     /usr/java/jdk1.8.0_231-amd64/lib/amd64/jli/libjli.so
7f2f82d35000-7f2f82d36000 rw-p 00017000 08:05 791525                     /usr/java/jdk1.8.0_231-amd64/lib/amd64/jli/libjli.so
7f2f82d36000-7f2f82d3d000 r--p 00000000 08:05 417481                     /usr/lib64/libpthread-2.30.so
7f2f82d3d000-7f2f82d4d000 r-xp 00007000 08:05 417481                     /usr/lib64/libpthread-2.30.so
7f2f82d4d000-7f2f82d52000 r--p 00017000 08:05 417481                     /usr/lib64/libpthread-2.30.so
7f2f82d52000-7f2f82d53000 r--p 0001b000 08:05 417481                     /usr/lib64/libpthread-2.30.so
7f2f82d53000-7f2f82d54000 rw-p 0001c000 08:05 417481                     /usr/lib64/libpthread-2.30.so
7f2f82d54000-7f2f82d58000 rw-p 00000000 00:00 0 
7f2f82d58000-7f2f82d59000 r--s 00000000 08:03 25711414                   /home/luiz/.cache/fontconfig/db4611facf70d706615e904d74410336-le64.cache-7
7f2f82d59000-7f2f82d5b000 r--s 0000e000 08:03 27001813                   /home/luiz/NetBeansProjects/VendasNSoft/biblioteca/UGLibrary.jar
7f2f82d5b000-7f2f82d5c000 r--s 00003000 08:03 27001818                   /home/luiz/NetBeansProjects/VendasNSoft/biblioteca/UGComp.jar
7f2f82d5c000-7f2f82d63000 r--s 00094000 08:05 2626757                    /usr/local/netbeans-8.2/java/modules/ext/beansbinding-1.2.1.jar
7f2f82d63000-7f2f82d64000 r--s 00000000 08:05 2626782                    /usr/local/netbeans-8.2/java/modules/ext/AbsoluteLayout.jar
7f2f82d64000-7f2f82d6e000 r--s 000ec000 08:03 27001825                   /home/luiz/NetBeansProjects/VendasNSoft/biblioteca/mysql-connector-java-5.1.46-bin.jar
7f2f82d6e000-7f2f82d76000 rw-s 00000000 00:21 337394                     /tmp/hsperfdata_luiz/23282
7f2f82d76000-7f2f82d78000 r--p 00000000 08:05 409427                     /usr/lib64/libnss_sss.so.2
7f2f82d78000-7f2f82d7e000 r-xp 00002000 08:05 409427                     /usr/lib64/libnss_sss.so.2
7f2f82d7e000-7f2f82d80000 r--p 00008000 08:05 409427                     /usr/lib64/libnss_sss.so.2
7f2f82d80000-7f2f82d81000 r--p 00009000 08:05 409427                     /usr/lib64/libnss_sss.so.2
7f2f82d81000-7f2f82d82000 rw-p 0000a000 08:05 409427                     /usr/lib64/libnss_sss.so.2
7f2f82d82000-7f2f82d85000 rw-p 00000000 00:00 0 
7f2f82d85000-7f2f82d87000 r--p 00000000 08:05 411958                     /usr/lib64/ld-2.30.so
7f2f82d87000-7f2f82da7000 r-xp 00002000 08:05 411958                     /usr/lib64/ld-2.30.so
7f2f82da7000-7f2f82daf000 r--p 00022000 08:05 411958                     /usr/lib64/ld-2.30.so
7f2f82daf000-7f2f82db0000 r--p 00000000 00:00 0 
7f2f82db0000-7f2f82db1000 r--p 0002a000 08:05 411958                     /usr/lib64/ld-2.30.so
7f2f82db1000-7f2f82db2000 rw-p 0002b000 08:05 411958                     /usr/lib64/ld-2.30.so
7f2f82db2000-7f2f82db3000 rw-p 00000000 00:00 0 
7ffc66a40000-7ffc66a61000 rw-p 00000000 00:00 0                          [stack]
7ffc66b4f000-7ffc66b52000 r--p 00000000 00:00 0                          [vvar]
7ffc66b52000-7ffc66b53000 r-xp 00000000 00:00 0                          [vdso]
ffffffffff600000-ffffffffff601000 r-xp 00000000 00:00 0                  [vsyscall]

VM Arguments:
jvm_args: -Dfile.encoding=UTF-8 -Djava.security.policy=applet.policy 
java_command: utilidades.ClassePrincipal
java_class_path (initial): /home/luiz/NetBeansProjects/VendasNSoft/biblioteca/mysql-connector-java-5.1.46-bin.jar:/usr/local/netbeans-8.2/java/modules/ext/AbsoluteLayout.jar:/usr/local/netbeans-8.2/java/modules/ext/beansbinding-1.2.1.jar:/usr/local/netbeans-8.2/java/modules/ext/eclipselink/eclipselink.jar:/usr/local/netbeans-8.2/java/modules/ext/eclipselink/javax.persistence_2.1.0.v201304241213.jar:/usr/local/netbeans-8.2/java/modules/ext/eclipselink/org.eclipse.persistence.jpa.jpql_2.5.2.v20140319-9ad6abd.jar:/home/luiz/NetBeansProjects/VendasNSoft/biblioteca/UGComp.jar:/home/luiz/NetBeansProjects/VendasNSoft/biblioteca/UGLibrary.jar:/home/luiz/NetBeansProjects/VendasNSoft/biblioteca/synthetica.jar:/home/luiz/NetBeansProjects/VendasNSoft/biblioteca/syntheticaAluOxide.jar:/home/luiz/NetBeansProjects/VendasNSoft/biblioteca/syntheticaBlackStar.jar:/home/luiz/NetBeansProjects/VendasNSoft/biblioteca/syntheticaPlain.jar:/home/luiz/NetBeansProjects/VendasNSoft/build/classes
Launcher Type: SUN_STANDARD

Environment Variables:
JAVA_HOME=/usr/java/latest
PATH=/home/luiz/.local/bin:/home/luiz/bin:/usr/lib64/ccache:/usr/local/bin:/usr/bin:/bin:/usr/local/sbin:/usr/sbin:/home/luiz/.composer/vendor/bin
LD_LIBRARY_PATH=/usr/java/latest/jre/lib/amd64:/usr/java/latest/jre/lib/i386:
SHELL=/bin/bash
DISPLAY=:1

Signal Handlers:
SIGSEGV: [libjvm.so+0xad4d90], sa_mask[0]=11111111011111111101111111111110, sa_flags=SA_RESTART|SA_SIGINFO
SIGBUS: [libjvm.so+0xad4d90], sa_mask[0]=11111111011111111101111111111110, sa_flags=SA_RESTART|SA_SIGINFO
SIGFPE: [libjvm.so+0x90bc10], sa_mask[0]=11111111011111111101111111111110, sa_flags=SA_RESTART|SA_SIGINFO
SIGPIPE: [libjvm.so+0x90bc10], sa_mask[0]=11111111011111111101111111111110, sa_flags=SA_RESTART|SA_SIGINFO
SIGXFSZ: [libjvm.so+0x90bc10], sa_mask[0]=11111111011111111101111111111110, sa_flags=SA_RESTART|SA_SIGINFO
SIGILL: [libjvm.so+0x90bc10], sa_mask[0]=11111111011111111101111111111110, sa_flags=SA_RESTART|SA_SIGINFO
SIGUSR1: SIG_DFL, sa_mask[0]=00000000000000000000000000000000, sa_flags=none
SIGUSR2: [libjvm.so+0x90bae0], sa_mask[0]=00100000000000000000000000000000, sa_flags=SA_RESTART|SA_SIGINFO
SIGHUP: [libjvm.so+0x90c100], sa_mask[0]=11111111011111111101111111111110, sa_flags=SA_RESTART|SA_SIGINFO
SIGINT: SIG_IGN, sa_mask[0]=00000000000000000000000000000000, sa_flags=none
SIGTERM: [libjvm.so+0x90c100], sa_mask[0]=11111111011111111101111111111110, sa_flags=SA_RESTART|SA_SIGINFO
SIGQUIT: [libjvm.so+0x90c100], sa_mask[0]=11111111011111111101111111111110, sa_flags=SA_RESTART|SA_SIGINFO


---------------  S Y S T E M  ---------------

OS:Fedora release 31 (Thirty One)

uname:Linux 5.3.16-300.fc31.x86_64 #1 SMP Fri Dec 13 17:59:04 UTC 2019 x86_64
libc:glibc 2.30 NPTL 2.30 
rlimit: STACK 8192k, CORE infinity, NPROC 31295, NOFILE 524288, AS infinity
load average:1,00 1,23 1,49

/proc/meminfo:
MemTotal:        8047684 kB
MemFree:          143828 kB
MemAvailable:    2900508 kB
Buffers:          229832 kB
Cached:          3033988 kB
SwapCached:        93312 kB
Active:          4739804 kB
Inactive:        2586556 kB
Active(anon):    3280992 kB
Inactive(anon):  1182928 kB
Active(file):    1458812 kB
Inactive(file):  1403628 kB
Unevictable:       61868 kB
Mlocked:              76 kB
SwapTotal:       8179708 kB
SwapFree:        8061692 kB
Dirty:              1948 kB
Writeback:             0 kB
AnonPages:       4032000 kB
Mapped:           889808 kB
Shmem:            401048 kB
KReclaimable:     197948 kB
Slab:             370760 kB
SReclaimable:     197948 kB
SUnreclaim:       172812 kB
KernelStack:       18160 kB
PageTables:        45284 kB
NFS_Unstable:          0 kB
Bounce:                0 kB
WritebackTmp:          0 kB
CommitLimit:    12203548 kB
Committed_AS:   13435352 kB
VmallocTotal:   34359738367 kB
VmallocUsed:       35264 kB
VmallocChunk:          0 kB
Percpu:             4192 kB
HardwareCorrupted:     0 kB
AnonHugePages:         0 kB
ShmemHugePages:        0 kB
ShmemPmdMapped:        0 kB
CmaTotal:              0 kB
CmaFree:               0 kB
HugePages_Total:       0
HugePages_Free:        0
HugePages_Rsvd:        0
HugePages_Surp:        0
Hugepagesize:       2048 kB
Hugetlb:               0 kB
DirectMap4k:      341480 kB
DirectMap2M:     7942144 kB


CPU:total 4 (initial active 4) (2 cores per cpu, 2 threads per core) family 6 model 58 stepping 9, cmov, cx8, fxsr, mmx, sse, sse2, sse3, ssse3, sse4.1, sse4.2, popcnt, avx, clmul, erms, ht, tsc, tscinvbit, tscinv

/proc/cpuinfo:
processor	: 0
vendor_id	: GenuineIntel
cpu family	: 6
model		: 58
model name	: Intel(R) Core(TM) i3-3217U CPU @ 1.80GHz
stepping	: 9
microcode	: 0x21
cpu MHz		: 1795.951
cache size	: 3072 KB
physical id	: 0
siblings	: 4
core id		: 0
cpu cores	: 2
apicid		: 0
initial apicid	: 0
fpu		: yes
fpu_exception	: yes
cpuid level	: 13
wp		: yes
flags		: fpu vme de pse tsc msr pae mce cx8 apic sep mtrr pge mca cmov pat pse36 clflush dts acpi mmx fxsr sse sse2 ss ht tm pbe syscall nx rdtscp lm constant_tsc arch_perfmon pebs bts rep_good nopl xtopology nonstop_tsc cpuid aperfmperf pni pclmulqdq dtes64 monitor ds_cpl vmx est tm2 ssse3 cx16 xtpr pdcm pcid sse4_1 sse4_2 x2apic popcnt tsc_deadline_timer xsave avx f16c lahf_lm cpuid_fault epb pti ssbd ibrs ibpb stibp tpr_shadow vnmi flexpriority ept vpid fsgsbase smep erms xsaveopt dtherm ida arat pln pts md_clear flush_l1d
bugs		: cpu_meltdown spectre_v1 spectre_v2 spec_store_bypass l1tf mds swapgs itlb_multihit
bogomips	: 3591.85
clflush size	: 64
cache_alignment	: 64
address sizes	: 36 bits physical, 48 bits virtual
power management:

processor	: 1
vendor_id	: GenuineIntel
cpu family	: 6
model		: 58
model name	: Intel(R) Core(TM) i3-3217U CPU @ 1.80GHz
stepping	: 9
microcode	: 0x21
cpu MHz		: 1795.926
cache size	: 3072 KB
physical id	: 0
siblings	: 4
core id		: 1
cpu cores	: 2
apicid		: 2
initial apicid	: 2
fpu		: yes
fpu_exception	: yes
cpuid level	: 13
wp		: yes
flags		: fpu vme de pse tsc msr pae mce cx8 apic sep mtrr pge mca cmov pat pse36 clflush dts acpi mmx fxsr sse sse2 ss ht tm pbe syscall nx rdtscp lm constant_tsc arch_perfmon pebs bts rep_good nopl xtopology nonstop_tsc cpuid aperfmperf pni pclmulqdq dtes64 monitor ds_cpl vmx est tm2 ssse3 cx16 xtpr pdcm pcid sse4_1 sse4_2 x2apic popcnt tsc_deadline_timer xsave avx f16c lahf_lm cpuid_fault epb pti ssbd ibrs ibpb stibp tpr_shadow vnmi flexpriority ept vpid fsgsbase smep erms xsaveopt dtherm ida arat pln pts md_clear flush_l1d
bugs		: cpu_meltdown spectre_v1 spectre_v2 spec_store_bypass l1tf mds swapgs itlb_multihit
bogomips	: 3591.85
clflush size	: 64
cache_alignment	: 64
address sizes	: 36 bits physical, 48 bits virtual
power management:

processor	: 2
vendor_id	: GenuineIntel
cpu family	: 6
model		: 58
model name	: Intel(R) Core(TM) i3-3217U CPU @ 1.80GHz
stepping	: 9
microcode	: 0x21
cpu MHz		: 1795.959
cache size	: 3072 KB
physical id	: 0
siblings	: 4
core id		: 0
cpu cores	: 2
apicid		: 1
initial apicid	: 1
fpu		: yes
fpu_exception	: yes
cpuid level	: 13
wp		: yes
flags		: fpu vme de pse tsc msr pae mce cx8 apic sep mtrr pge mca cmov pat pse36 clflush dts acpi mmx fxsr sse sse2 ss ht tm pbe syscall nx rdtscp lm constant_tsc arch_perfmon pebs bts rep_good nopl xtopology nonstop_tsc cpuid aperfmperf pni pclmulqdq dtes64 monitor ds_cpl vmx est tm2 ssse3 cx16 xtpr pdcm pcid sse4_1 sse4_2 x2apic popcnt tsc_deadline_timer xsave avx f16c lahf_lm cpuid_fault epb pti ssbd ibrs ibpb stibp tpr_shadow vnmi flexpriority ept vpid fsgsbase smep erms xsaveopt dtherm ida arat pln pts md_clear flush_l1d
bugs		: cpu_meltdown spectre_v1 spectre_v2 spec_store_bypass l1tf mds swapgs itlb_multihit
bogomips	: 3591.85
clflush size	: 64
cache_alignment	: 64
address sizes	: 36 bits physical, 48 bits virtual
power management:

processor	: 3
vendor_id	: GenuineIntel
cpu family	: 6
model		: 58
model name	: Intel(R) Core(TM) i3-3217U CPU @ 1.80GHz
stepping	: 9
microcode	: 0x21
cpu MHz		: 1795.930
cache size	: 3072 KB
physical id	: 0
siblings	: 4
core id		: 1
cpu cores	: 2
apicid		: 3
initial apicid	: 3
fpu		: yes
fpu_exception	: yes
cpuid level	: 13
wp		: yes
flags		: fpu vme de pse tsc msr pae mce cx8 apic sep mtrr pge mca cmov pat pse36 clflush dts acpi mmx fxsr sse sse2 ss ht tm pbe syscall nx rdtscp lm constant_tsc arch_perfmon pebs bts rep_good nopl xtopology nonstop_tsc cpuid aperfmperf pni pclmulqdq dtes64 monitor ds_cpl vmx est tm2 ssse3 cx16 xtpr pdcm pcid sse4_1 sse4_2 x2apic popcnt tsc_deadline_timer xsave avx f16c lahf_lm cpuid_fault epb pti ssbd ibrs ibpb stibp tpr_shadow vnmi flexpriority ept vpid fsgsbase smep erms xsaveopt dtherm ida arat pln pts md_clear flush_l1d
bugs		: cpu_meltdown spectre_v1 spectre_v2 spec_store_bypass l1tf mds swapgs itlb_multihit
bogomips	: 3591.85
clflush size	: 64
cache_alignment	: 64
address sizes	: 36 bits physical, 48 bits virtual
power management:



Memory: 4k page, physical 8047684k(143828k free), swap 8179708k(8061692k free)

vm_info: Java HotSpot(TM) 64-Bit Server VM (25.231-b11) for linux-amd64 JRE (1.8.0_231-b11), built on Oct  5 2019 03:00:41 by "java_re" with gcc 7.3.0

time: Wed Dec 18 22:04:31 2019
timezone: -03
elapsed time: 52 seconds (0d 0h 0m 52s)

